0 info it worked if it ends with ok
1 verbose cli [ 'node', '/usr/local/bin/npm', 'install', 'marked' ]
2 info using npm@2.5.1
3 info using node@v0.12.0
4 silly cache add args [ 'marked', null ]
5 verbose cache add spec marked
6 silly cache add parsed spec { raw: 'marked',
6 silly cache add   scope: null,
6 silly cache add   name: 'marked',
6 silly cache add   rawSpec: '',
6 silly cache add   spec: '*',
6 silly cache add   type: 'range' }
7 verbose addNamed marked@*
8 silly addNamed semver.valid null
9 silly addNamed semver.validRange *
10 silly addNameRange { name: 'marked', range: '*', hasData: false }
11 silly mapToRegistry name marked
12 silly mapToRegistry using default registry
13 silly mapToRegistry registry https://registry.npmjs.org/
14 silly mapToRegistry uri https://registry.npmjs.org/marked
15 verbose addNameRange registry:https://registry.npmjs.org/marked not in flight; fetching
16 verbose request uri https://registry.npmjs.org/marked
17 verbose request no auth needed
18 info attempt registry request try #1 at 5:51:47 PM
19 verbose request id e4f7c7cd797818f1
20 verbose etag "4RQ6GW8UXQW0KIE0D8LK9KJC0"
21 http request GET https://registry.npmjs.org/marked
22 http 304 https://registry.npmjs.org/marked
23 silly get cb [ 304,
23 silly get   { date: 'Wed, 18 Mar 2015 22:51:47 GMT',
23 silly get     server: 'Apache',
23 silly get     via: '1.1 varnish',
23 silly get     'last-modified': 'Wed, 18 Mar 2015 22:51:47 GMT',
23 silly get     'cache-control': 'max-age=60',
23 silly get     etag: '"4RQ6GW8UXQW0KIE0D8LK9KJC0"',
23 silly get     age: '26',
23 silly get     'x-served-by': 'cache-dfw1820-DFW',
23 silly get     'x-cache': 'HIT',
23 silly get     'x-cache-hits': '1',
23 silly get     'x-timer': 'S1426719107.876406,VS0,VE0',
23 silly get     vary: 'Accept',
23 silly get     'content-length': '0',
23 silly get     'keep-alive': 'timeout=10, max=50',
23 silly get     connection: 'Keep-Alive' } ]
24 verbose etag https://registry.npmjs.org/marked from cache
25 verbose get saving marked to /Users/smiller/.npm/registry.npmjs.org/marked/.cache.json
26 silly addNameRange number 2 { name: 'marked', range: '*', hasData: true }
27 silly addNameRange versions [ 'marked',
27 silly addNameRange   [ '0.0.1',
27 silly addNameRange     '0.0.2',
27 silly addNameRange     '0.0.3',
27 silly addNameRange     '0.0.4',
27 silly addNameRange     '0.0.5',
27 silly addNameRange     '0.0.6',
27 silly addNameRange     '0.0.7',
27 silly addNameRange     '0.0.8',
27 silly addNameRange     '0.0.9',
27 silly addNameRange     '0.1.0',
27 silly addNameRange     '0.1.1',
27 silly addNameRange     '0.1.2',
27 silly addNameRange     '0.1.3',
27 silly addNameRange     '0.1.4',
27 silly addNameRange     '0.1.5',
27 silly addNameRange     '0.1.6',
27 silly addNameRange     '0.1.7',
27 silly addNameRange     '0.1.8',
27 silly addNameRange     '0.1.9',
27 silly addNameRange     '0.2.0',
27 silly addNameRange     '0.2.1',
27 silly addNameRange     '0.2.2',
27 silly addNameRange     '0.2.2-1',
27 silly addNameRange     '0.2.3',
27 silly addNameRange     '0.2.4',
27 silly addNameRange     '0.2.4-1',
27 silly addNameRange     '0.2.5',
27 silly addNameRange     '0.2.6',
27 silly addNameRange     '0.2.7',
27 silly addNameRange     '0.2.8',
27 silly addNameRange     '0.2.9',
27 silly addNameRange     '0.2.10',
27 silly addNameRange     '0.3.0',
27 silly addNameRange     '0.3.1',
27 silly addNameRange     '0.3.2',
27 silly addNameRange     '0.3.3' ] ]
28 verbose addNamed marked@0.3.3
29 silly addNamed semver.valid 0.3.3
30 silly addNamed semver.validRange 0.3.3
31 silly cache afterAdd marked@0.3.3
32 verbose afterAdd /Users/smiller/.npm/marked/0.3.3/package/package.json not in flight; writing
33 verbose afterAdd /Users/smiller/.npm/marked/0.3.3/package/package.json written
34 silly install resolved [ { name: 'marked',
34 silly install resolved     description: 'A markdown parser built for speed',
34 silly install resolved     author: { name: 'Christopher Jeffrey' },
34 silly install resolved     version: '0.3.3',
34 silly install resolved     main: './lib/marked.js',
34 silly install resolved     bin: { marked: './bin/marked' },
34 silly install resolved     man: [ './man/marked.1' ],
34 silly install resolved     preferGlobal: true,
34 silly install resolved     repository: { type: 'git', url: 'git://github.com/chjj/marked.git' },
34 silly install resolved     homepage: 'https://github.com/chjj/marked',
34 silly install resolved     bugs: { url: 'http://github.com/chjj/marked/issues' },
34 silly install resolved     license: 'MIT',
34 silly install resolved     keywords: [ 'markdown', 'markup', 'html' ],
34 silly install resolved     tags: [ 'markdown', 'markup', 'html' ],
34 silly install resolved     devDependencies: { markdown: '*', showdown: '*', robotskirt: '*' },
34 silly install resolved     scripts: { test: 'node test', bench: 'node test --bench' },
34 silly install resolved     gitHead: '2b5802f258c5e23e48366f2377fbb4c807f47658',
34 silly install resolved     _id: 'marked@0.3.3',
34 silly install resolved     _shasum: '08bad9cac13736f6cceddc202344f1b0bf255390',
34 silly install resolved     _from: 'marked@*',
34 silly install resolved     _npmVersion: '2.3.0',
34 silly install resolved     _nodeVersion: '0.10.35',
34 silly install resolved     _npmUser: { name: 'chjj', email: 'chjjeffrey@gmail.com' },
34 silly install resolved     maintainers: [ [Object] ],
34 silly install resolved     dist:
34 silly install resolved      { shasum: '08bad9cac13736f6cceddc202344f1b0bf255390',
34 silly install resolved        tarball: 'http://registry.npmjs.org/marked/-/marked-0.3.3.tgz' },
34 silly install resolved     directories: {},
34 silly install resolved     _resolved: 'https://registry.npmjs.org/marked/-/marked-0.3.3.tgz',
34 silly install resolved     readme: 'ERROR: No README data found!' } ]
35 info install marked@0.3.3 into /Users/smiller/Projects/testsAndTuts/reactcomparison
36 info installOne marked@0.3.3
37 verbose installOne of marked to /Users/smiller/Projects/testsAndTuts/reactcomparison not in flight; installing
38 verbose lock using /Users/smiller/.npm/_locks/marked-a9a63808b4c26a7f.lock for /Users/smiller/Projects/testsAndTuts/reactcomparison/node_modules/marked
39 silly install write writing marked 0.3.3 to /Users/smiller/Projects/testsAndTuts/reactcomparison/node_modules/marked
40 silly cache addNamed cb marked@0.3.3
41 verbose unbuild node_modules/marked
42 info preuninstall marked@0.3.3
43 info uninstall marked@0.3.3
44 verbose unbuild rmStuff marked@0.3.3 from /Users/smiller/Projects/testsAndTuts/reactcomparison/node_modules
45 verbose gentlyRm verifying that /Users/smiller/Projects/testsAndTuts/reactcomparison is managed by npm
46 silly isManaged /Users/smiller/Projects/testsAndTuts/reactcomparison is not inside /Users/smiller/Projects/testsAndTuts/reactcomparison/node_modules
47 silly isManaged /Users/smiller/Projects/testsAndTuts/reactcomparison is not inside /Users/smiller/Projects/testsAndTuts/reactcomparison/node_modules
48 silly isManaged /Users/smiller/Projects/testsAndTuts/reactcomparison/node_modules/.bin is inside /Users/smiller/Projects/testsAndTuts/reactcomparison
49 silly gentlyRm /Users/smiller/Projects/testsAndTuts/reactcomparison is managed by npm
50 silly gentlyRm /Users/smiller/Projects/testsAndTuts/reactcomparison/node_modules/.bin/marked is under /Users/smiller/Projects/testsAndTuts/reactcomparison
51 verbose gentlyRm vacuuming /Users/smiller/Projects/testsAndTuts/reactcomparison/node_modules/.bin/marked up to /Users/smiller/Projects/testsAndTuts/reactcomparison
52 silly gentlyRm removing /Users/smiller/Projects/testsAndTuts/reactcomparison/node_modules/.bin/marked
53 silly gentlyRm removing /Users/smiller/Projects/testsAndTuts/reactcomparison/node_modules/.bin
54 silly gentlyRm quitting because other entries in /Users/smiller/Projects/testsAndTuts/reactcomparison/node_modules
55 info postuninstall marked@0.3.3
56 verbose gentlyRm vacuuming /Users/smiller/Projects/testsAndTuts/reactcomparison/node_modules/marked
57 silly gentlyRm purging /Users/smiller/Projects/testsAndTuts/reactcomparison/node_modules/marked
58 silly gentlyRm quitting because other entries in /Users/smiller/Projects/testsAndTuts/reactcomparison/node_modules
59 verbose tar unpack /Users/smiller/.npm/marked/0.3.3/package.tgz
60 verbose tar unpacking to /Users/smiller/Projects/testsAndTuts/reactcomparison/node_modules/marked
61 verbose gentlyRm vacuuming /Users/smiller/Projects/testsAndTuts/reactcomparison/node_modules/marked
62 silly gunzTarPerm modes [ '755', '644' ]
63 silly gunzTarPerm extractEntry package.json
64 silly gunzTarPerm extractEntry .npmignore
65 silly gunzTarPerm extractEntry README.md
66 silly gunzTarPerm extractEntry LICENSE
67 silly gunzTarPerm extractEntry index.js
68 silly gunzTarPerm extractEntry marked.min.js
69 silly gunzTarPerm extractEntry bower.json
70 silly gunzTarPerm extractEntry .travis.yml
71 silly gunzTarPerm extractEntry doc/broken.md
72 silly gunzTarPerm extractEntry doc/todo.md
73 silly gunzTarPerm extractEntry Makefile
74 silly gunzTarPerm extractEntry lib/marked.js
75 silly gunzTarPerm extractEntry man/marked.1
76 silly gunzTarPerm extractEntry bin/marked
77 silly gunzTarPerm extractEntry component.json
78 info preinstall marked@0.3.3
79 silly install resolved []
80 verbose about to build /Users/smiller/Projects/testsAndTuts/reactcomparison/node_modules/marked
81 info build /Users/smiller/Projects/testsAndTuts/reactcomparison/node_modules/marked
82 verbose linkStuff [ false,
82 verbose linkStuff   false,
82 verbose linkStuff   false,
82 verbose linkStuff   '/Users/smiller/Projects/testsAndTuts/reactcomparison/node_modules' ]
83 info linkStuff marked@0.3.3
84 warn prefer global marked@0.3.3 should be installed with -g
85 verbose linkBins marked@0.3.3
86 verbose link bins [ { marked: './bin/marked' },
86 verbose link bins   '/Users/smiller/Projects/testsAndTuts/reactcomparison/node_modules/.bin',
86 verbose link bins   false ]
87 verbose linkMans marked@0.3.3
88 verbose rebuildBundles marked@0.3.3
89 verbose gentlyRm vacuuming /Users/smiller/Projects/testsAndTuts/reactcomparison/node_modules/.bin/marked
90 info install marked@0.3.3
91 info postinstall marked@0.3.3
92 verbose unlock done using /Users/smiller/.npm/_locks/marked-a9a63808b4c26a7f.lock for /Users/smiller/Projects/testsAndTuts/reactcomparison/node_modules/marked
93 verbose stack Error: The package browserify does not satisfy its siblings' peerDependencies requirements!
93 verbose stack     at /usr/local/lib/node_modules/npm/lib/install.js:103:32
93 verbose stack     at /usr/local/lib/node_modules/npm/lib/install.js:225:5
93 verbose stack     at /usr/local/lib/node_modules/npm/node_modules/read-installed/read-installed.js:138:5
93 verbose stack     at /usr/local/lib/node_modules/npm/node_modules/read-installed/read-installed.js:251:14
93 verbose stack     at cb (/usr/local/lib/node_modules/npm/node_modules/slide/lib/async-map.js:47:24)
93 verbose stack     at /usr/local/lib/node_modules/npm/node_modules/read-installed/read-installed.js:251:14
93 verbose stack     at cb (/usr/local/lib/node_modules/npm/node_modules/slide/lib/async-map.js:47:24)
93 verbose stack     at /usr/local/lib/node_modules/npm/node_modules/read-installed/read-installed.js:251:14
93 verbose stack     at cb (/usr/local/lib/node_modules/npm/node_modules/slide/lib/async-map.js:47:24)
93 verbose stack     at /usr/local/lib/node_modules/npm/node_modules/read-installed/read-installed.js:251:14
94 verbose cwd /Users/smiller/Projects/testsAndTuts/reactcomparison
95 error Darwin 14.0.0
96 error argv "node" "/usr/local/bin/npm" "install" "marked"
97 error node v0.12.0
98 error npm  v2.5.1
99 error code EPEERINVALID
100 error peerinvalid The package browserify does not satisfy its siblings' peerDependencies requirements!
100 error peerinvalid Peer browserify-shim@2.0.10 wants browserify@>= 2.3.0 < 4
101 verbose exit [ 1, true ]
